#
# A fatal error has been detected by the Java Runtime Environment:
#
#  EXCEPTION_ACCESS_VIOLATION (0xc0000005) at pc=0x01bfabe8, pid=6512, tid=0x000019e8
#
# JRE version: Java(TM) SE Runtime Environment (8.0_101-b13) (build 1.8.0_101-b13)
# Java VM: Java HotSpot(TM) Client VM (25.101-b13 mixed mode, sharing windows-x86 )
# Problematic frame:
# j  java.util.logging.Level.<clinit>()V+0
#
# Failed to write core dump. Minidumps are not enabled by default on client versions of Windows
#
# If you would like to submit a bug report, please visit:
#   http://bugreport.java.com/bugreport/crash.jsp
#

---------------  T H R E A D  ---------------

Current thread (0x158ff000):  JavaThread "AWT-EventQueue-0" [_thread_in_Java, id=6632, stack(0x14fa0000,0x14ff0000)]

siginfo: ExceptionCode=0xc0000005, writing address 0x00080008

Registers:
EAX=0x00080000, EBX=0x14b20500, ECX=0x00000d36, EDX=0x14b20668
ESP=0x14fed6b8, EBP=0x14fed6d8, ESI=0x13fae170, EDI=0x14fed6dc
EIP=0x01bfabe8, EFLAGS=0x00010216

Top of Stack: (sp=0x14fed6b8)
0x14fed6b8:   14fed6b8 13fae170 14fed6dc 14b20668
0x14fed6c8:   00000000 14b20500 00000000 14fed6e0
0x14fed6d8:   14fed6fc 01bf0417 14fed708 68059db2
0x14fed6e8:   158ff000 00001fa0 14fed81c 158ff000
0x14fed6f8:   01bf03b2 14fed784 6805a2e5 14fed730
0x14fed708:   14fed81c 0000000a 14b20500 01bfaad0
0x14fed718:   14fed830 00000000 158ff000 158ff000
0x14fed728:   159a2e70 14b20500 158ff000 15a27600 

Instructions: (pc=0x01bfabe8)
0x01bfabc8:   00 00 0f 85 b0 57 ff ff 8b 75 e4 8b 7d e8 c3 8b
0x01bfabd8:   43 0c 85 c0 0f 84 1d 00 00 00 8b 48 08 83 c1 08
0x01bfabe8:   89 48 08 8b 40 0c 83 e0 f8 03 c8 3b 0d 5c aa 27
0x01bfabf8:   68 0f 83 5d 00 00 00 89 84 24 00 f0 ff ff 89 84 


Register to memory mapping:

EAX=0x00080000 is an unknown value
EBX={method} {0x14b20504} '<clinit>' '()V' in 'java/util/logging/Level'
ECX=0x00000d36 is an unknown value
EDX=0x14b20668 is pointing into metadata
ESP=0x14fed6b8 is pointing into the stack for thread: 0x158ff000
EBP=0x14fed6d8 is pointing into the stack for thread: 0x158ff000
ESI=0x13fae170 is pointing into metadata
EDI=0x14fed6dc is pointing into the stack for thread: 0x158ff000


Stack: [0x14fa0000,0x14ff0000],  sp=0x14fed6b8,  free space=309k
Native frames: (J=compiled Java code, j=interpreted, Vv=VM code, C=native code)
j  java.util.logging.Level.<clinit>()V+0
v  ~StubRoutines::call_stub
V  [jvm.dll+0x15a2e5]
V  [jvm.dll+0x21ff6e]
V  [jvm.dll+0x15a37e]
V  [jvm.dll+0xbf97b]
V  [jvm.dll+0xc0b37]
V  [jvm.dll+0xc0c88]
V  [jvm.dll+0x83190]
V  [jvm.dll+0x83f1a]
V  [jvm.dll+0x7f817]
j  java.util.logging.Logger.<clinit>()V+23
v  ~StubRoutines::call_stub
V  [jvm.dll+0x15a2e5]
V  [jvm.dll+0x21ff6e]
V  [jvm.dll+0x15a37e]
V  [jvm.dll+0xbf97b]
V  [jvm.dll+0xc0b37]
V  [jvm.dll+0xc0c88]
V  [jvm.dll+0x84be6]
V  [jvm.dll+0x85be2]
V  [jvm.dll+0x81197]
j  com.orsonpdf.PDFDocument.<clinit>()V+6
v  ~StubRoutines::call_stub
V  [jvm.dll+0x15a2e5]
V  [jvm.dll+0x21ff6e]
V  [jvm.dll+0x15a37e]
V  [jvm.dll+0xbf97b]
V  [jvm.dll+0xc0b37]
V  [jvm.dll+0xc0c88]
V  [jvm.dll+0x107226]
C  [java.dll+0x1a13]
C  0x1524e308
C  0x1524e308
C  0x1524e308
C  0x1524e308
C  0x1524e308
C  0x1524e308
C  0x1524e308
C  0x1524e308
C  0x1524e308
C  0x1524e308
C  0x1524e308
C  0x1524e308
C  0x1524e308
C  0x1524e308
C  0x1524e308
C  0x1524e308
C  0x1524e308
C  0x1524e308
C  0x1524e308
C  0x1524e308
C  0x1524e308
C  0x1524e308
C  0x1524e308
C  0x1524e308
C  0x1524e308
C  0x1524e308
C  0x1524e308
C  0x1524e308
C  0x1524e308
C  0x1524e308
C  0x1524e308
C  0x1524e308
C  0x1524e308
C  0x1524e308
C  0x1524e308
C  0x1524e308
C  0x1524e308
C  0x1524e308
C  0x1524e308
C  0x1524e308
C  0x1524e308
C  0x1524e308
C  0x1524e308
C  0x1524e308
C  0x1524e308
C  0x1524e308
C  0x1524e308
C  0x1524e308
C  0x1524e308
C  0x1524e308
C  0x1524e308
C  0x1524e308
C  0x1524e308
C  0x1524e308
C  0x1524e308
C  0x1524e308
C  0x1524e308
C  0x1524e308
C  0x1524e308
C  0x1524e308
C  0x1524e308
C  0x1524e308
C  0x1524e308
C  0x1524e308
C  0x1524e308
C  0x1524e308
C  0x1524e308
C  0x1524e308
...<more frames>...


---------------  P R O C E S S  ---------------

Java Threads: ( => current thread )
  0x15a8d400 JavaThread "TimerQueue" daemon [_thread_blocked, id=6652, stack(0x16000000,0x16050000)]
  0x0079c400 JavaThread "DestroyJavaVM" [_thread_blocked, id=6564, stack(0x00ab0000,0x00b00000)]
  0x15203400 JavaThread "Image Fetcher 0" daemon [_thread_blocked, id=6644, stack(0x15820000,0x15870000)]
=>0x158ff000 JavaThread "AWT-EventQueue-0" [_thread_in_Java, id=6632, stack(0x14fa0000,0x14ff0000)]
  0x1533d000 JavaThread "Abandoned connection cleanup thread" daemon [_thread_blocked, id=6624, stack(0x15880000,0x158d0000)]
  0x152a3400 JavaThread "AWT-Windows" daemon [_thread_in_native, id=4196, stack(0x15370000,0x153c0000)]
  0x152a2000 JavaThread "AWT-Shutdown" [_thread_blocked, id=6328, stack(0x146b0000,0x14700000)]
  0x1529f400 JavaThread "Java2D Disposer" daemon [_thread_blocked, id=6240, stack(0x14770000,0x147c0000)]
  0x004d3c00 JavaThread "Service Thread" daemon [_thread_blocked, id=6604, stack(0x14e90000,0x14ee0000)]
  0x004b3800 JavaThread "C1 CompilerThread0" daemon [_thread_blocked, id=6592, stack(0x15090000,0x150e0000)]
  0x004b1000 JavaThread "Attach Listener" daemon [_thread_blocked, id=6600, stack(0x15010000,0x15060000)]
  0x004a5c00 JavaThread "Signal Dispatcher" daemon [_thread_blocked, id=6596, stack(0x14f20000,0x14f70000)]
  0x004a4000 JavaThread "Finalizer" daemon [_thread_blocked, id=6588, stack(0x14720000,0x14770000)]
  0x00447c00 JavaThread "Reference Handler" daemon [_thread_blocked, id=6580, stack(0x00f20000,0x00f70000)]

Other Threads:
  0x00443800 VMThread [stack: 0x14d80000,0x14dd0000] [id=6568]
  0x004e8000 WatcherThread [stack: 0x15110000,0x15160000] [id=6608]

VM state:not at safepoint (normal execution)

VM Mutex/Monitor currently owned by a thread: None

Heap:
 def new generation   total 11264K, used 1917K [0x03c00000, 0x04830000, 0x09150000)
  eden space 10048K,   6% used [0x03c00000, 0x03caf520, 0x045d0000)
  from space 1216K, 100% used [0x04700000, 0x04830000, 0x04830000)
  to   space 1216K,   0% used [0x045d0000, 0x045d0000, 0x04700000)
 tenured generation   total 24904K, used 15417K [0x09150000, 0x0a9a2000, 0x13c00000)
   the space 24904K,  61% used [0x09150000, 0x0a05e638, 0x0a05e800, 0x0a9a2000)
 Metaspace       used 5108K, capacity 5479K, committed 5504K, reserved 5504K

Card table byte_map: [0x00b00000,0x00b90000] byte_map_base: 0x00ae2000

Polling page: 0x00260000

CodeCache: size=32768Kb used=1657Kb max_used=1657Kb free=31110Kb
 bounds [0x01bf0000, 0x01d90000, 0x03bf0000]
 total_blobs=1046 nmethods=756 adapters=221
 compilation: enabled

Compilation events (10 events):
Event: 8.642 Thread 0x004b3800  754   !         java.lang.ref.ReferenceQueue::remove (125 bytes)
Event: 8.642 Thread 0x004b3800 nmethod 754 0x01d8c688 code [0x01d8c7d0, 0x01d8cc90]
Event: 8.642 Thread 0x004b3800  755             java.lang.ref.ReferenceQueue::remove (6 bytes)
Event: 8.643 Thread 0x004b3800 nmethod 755 0x01d8cfc8 code [0x01d8d0c0, 0x01d8d15c]
Event: 8.643 Thread 0x004b3800  756             sun.misc.VM::addFinalRefCount (24 bytes)
Event: 8.643 Thread 0x004b3800 nmethod 756 0x01d8d1c8 code [0x01d8d2c0, 0x01d8d360]
Event: 8.643 Thread 0x004b3800  757             sun.java2d.DefaultDisposerRecord::dispose (12 bytes)
Event: 8.643 Thread 0x004b3800 nmethod 757 0x01d8d3c8 code [0x01d8d4c0, 0x01d8d56c]
Event: 8.643 Thread 0x004b3800  759   !         sun.java2d.Disposer::clearDeferredRecords (70 bytes)
Event: 8.643 Thread 0x004b3800 nmethod 759 0x01d8d5c8 code [0x01d8d740, 0x01d8db58]

GC Heap History (10 events):
Event: 0.843 GC heap before
{Heap before GC invocations=3 (full 0):
 def new generation   total 4928K, used 2534K [0x03c00000, 0x04150000, 0x09150000)
  eden space 4416K,  45% used [0x03c00000, 0x03df9940, 0x04050000)
  from space 512K, 100% used [0x040d0000, 0x04150000, 0x04150000)
  to   space 512K,   0% used [0x04050000, 0x04050000, 0x040d0000)
 tenured generation   total 10944K, used 4298K [0x09150000, 0x09c00000, 0x13c00000)
   the space 10944K,  39% used [0x09150000, 0x09582820, 0x09582a00, 0x09c00000)
 Metaspace       used 3449K, capacity 4329K, committed 4416K, reserved 4480K
Event: 0.849 GC heap after
Heap after GC invocations=4 (full 0):
 def new generation   total 4928K, used 512K [0x03c00000, 0x04150000, 0x09150000)
  eden space 4416K,   0% used [0x03c00000, 0x03c00000, 0x04050000)
  from space 512K, 100% used [0x04050000, 0x040d0000, 0x040d0000)
  to   space 512K,   0% used [0x040d0000, 0x040d0000, 0x04150000)
 tenured generation   total 10944K, used 5102K [0x09150000, 0x09c00000, 0x13c00000)
   the space 10944K,  46% used [0x09150000, 0x0964ba30, 0x0964bc00, 0x09c00000)
 Metaspace       used 3449K, capacity 4329K, committed 4416K, reserved 4480K
}
Event: 0.874 GC heap before
{Heap before GC invocations=4 (full 0):
 def new generation   total 4928K, used 4915K [0x03c00000, 0x04150000, 0x09150000)
  eden space 4416K,  99% used [0x03c00000, 0x0404ce50, 0x04050000)
  from space 512K, 100% used [0x04050000, 0x040d0000, 0x040d0000)
  to   space 512K,   0% used [0x040d0000, 0x040d0000, 0x04150000)
 tenured generation   total 10944K, used 5102K [0x09150000, 0x09c00000, 0x13c00000)
   the space 10944K,  46% used [0x09150000, 0x0964ba30, 0x0964bc00, 0x09c00000)
 Metaspace       used 3521K, capacity 4329K, committed 4416K, reserved 4480K
Event: 0.883 GC heap after
Heap after GC invocations=5 (full 0):
 def new generation   total 4928K, used 46K [0x03c00000, 0x04150000, 0x09150000)
  eden space 4416K,   0% used [0x03c00000, 0x03c00000, 0x04050000)
  from space 512K,   9% used [0x040d0000, 0x040dba80, 0x04150000)
  to   space 512K,   0% used [0x04050000, 0x04050000, 0x040d0000)
 tenured generation   total 10944K, used 9723K [0x09150000, 0x09c00000, 0x13c00000)
   the space 10944K,  88% used [0x09150000, 0x09acef28, 0x09acf000, 0x09c00000)
 Metaspace       used 3521K, capacity 4329K, committed 4416K, reserved 4480K
}
Event: 4.453 GC heap before
{Heap before GC invocations=5 (full 0):
 def new generation   total 4928K, used 3446K [0x03c00000, 0x04150000, 0x09150000)
  eden space 4416K,  76% used [0x03c00000, 0x03f51db0, 0x04050000)
  from space 512K,   9% used [0x040d0000, 0x040dba80, 0x04150000)
  to   space 512K,   0% used [0x04050000, 0x04050000, 0x040d0000)
 tenured generation   total 10944K, used 9723K [0x09150000, 0x09c00000, 0x13c00000)
   the space 10944K,  88% used [0x09150000, 0x09acef28, 0x09acf000, 0x09c00000)
 Metaspace       used 3853K, capacity 4354K, committed 4416K, reserved 4480K
Event: 4.458 GC heap after
Heap after GC invocations=6 (full 0):
 def new generation   total 4928K, used 512K [0x03c00000, 0x04150000, 0x09150000)
  eden space 4416K,   0% used [0x03c00000, 0x03c00000, 0x04050000)
  from space 512K, 100% used [0x04050000, 0x040d0000, 0x040d0000)
  to   space 512K,   0% used [0x040d0000, 0x040d0000, 0x04150000)
 tenured generation   total 10944K, used 10325K [0x09150000, 0x09c00000, 0x13c00000)
   the space 10944K,  94% used [0x09150000, 0x09b655e0, 0x09b65600, 0x09c00000)
 Metaspace       used 3853K, capacity 4354K, committed 4416K, reserved 4480K
}
Event: 4.486 GC heap before
{Heap before GC invocations=6 (full 0):
 def new generation   total 4928K, used 4928K [0x03c00000, 0x04150000, 0x09150000)
  eden space 4416K, 100% used [0x03c00000, 0x04050000, 0x04050000)
  from space 512K, 100% used [0x04050000, 0x040d0000, 0x040d0000)
  to   space 512K,   0% used [0x040d0000, 0x040d0000, 0x04150000)
 tenured generation   total 10944K, used 10325K [0x09150000, 0x09c00000, 0x13c00000)
   the space 10944K,  94% used [0x09150000, 0x09b655e0, 0x09b65600, 0x09c00000)
 Metaspace       used 3853K, capacity 4354K, committed 4416K, reserved 4480K
Event: 4.511 GC heap after
Heap after GC invocations=7 (full 1):
 def new generation   total 11264K, used 0K [0x03c00000, 0x04830000, 0x09150000)
  eden space 10048K,   0% used [0x03c00000, 0x03c00000, 0x045d0000)
  from space 1216K,   0% used [0x045d0000, 0x045d0000, 0x04700000)
  to   space 1216K,   0% used [0x04700000, 0x04700000, 0x04830000)
 tenured generation   total 24904K, used 14941K [0x09150000, 0x0a9a2000, 0x13c00000)
   the space 24904K,  59% used [0x09150000, 0x09fe7488, 0x09fe7600, 0x0a9a2000)
 Metaspace       used 3853K, capacity 4354K, committed 4416K, reserved 4480K
}
Event: 8.633 GC heap before
{Heap before GC invocations=7 (full 1):
 def new generation   total 11264K, used 10048K [0x03c00000, 0x04830000, 0x09150000)
  eden space 10048K, 100% used [0x03c00000, 0x045d0000, 0x045d0000)
  from space 1216K,   0% used [0x045d0000, 0x045d0000, 0x04700000)
  to   space 1216K,   0% used [0x04700000, 0x04700000, 0x04830000)
 tenured generation   total 24904K, used 14941K [0x09150000, 0x0a9a2000, 0x13c00000)
   the space 24904K,  59% used [0x09150000, 0x09fe7488, 0x09fe7600, 0x0a9a2000)
 Metaspace       used 5030K, capacity 5412K, committed 5504K, reserved 5504K
Event: 8.638 GC heap after
Heap after GC invocations=8 (full 1):
 def new generation   total 11264K, used 1216K [0x03c00000, 0x04830000, 0x09150000)
  eden space 10048K,   0% used [0x03c00000, 0x03c00000, 0x045d0000)
  from space 1216K, 100% used [0x04700000, 0x04830000, 0x04830000)
  to   space 1216K,   0% used [0x045d0000, 0x045d0000, 0x04700000)
 tenured generation   total 24904K, used 15417K [0x09150000, 0x0a9a2000, 0x13c00000)
   the space 24904K,  61% used [0x09150000, 0x0a05e638, 0x0a05e800, 0x0a9a2000)
 Metaspace       used 5030K, capacity 5412K, committed 5504K, reserved 5504K
}

Deoptimization events (0 events):
No events

Internal exceptions (10 events):
Event: 0.065 Thread 0x0079c400 Exception <a 'java/lang/NoSuchMethodError': Method sun.misc.Unsafe.prefetchRead(Ljava/lang/Object;J)V name or signature does not match> (0x03c07c98) thrown at [C:\re\workspace\8-2-build-windows-i586-cygwin\jdk8u101\7261\hotspot\src\share\vm\prims\jni.cpp, ¨y¼ª‡Â?
Event: 0.145 Thread 0x0079c400 Exception <a 'java/security/PrivilegedActionException'> (0x03cc4fd8) thrown at [C:\re\workspace\8-2-build-windows-i586-cygwin\jdk8u101\7261\hotspot\src\share\vm\prims\jvm.cpp, line 1386]
Event: 0.145 Thread 0x0079c400 Exception <a 'java/security/PrivilegedActionException'> (0x03cc51d8) thrown at [C:\re\workspace\8-2-build-windows-i586-cygwin\jdk8u101\7261\hotspot\src\share\vm\prims\jvm.cpp, line 1386]
Event: 0.145 Thread 0x0079c400 Exception <a 'java/security/PrivilegedActionException'> (0x03cc8c80) thrown at [C:\re\workspace\8-2-build-windows-i586-cygwin\jdk8u101\7261\hotspot\src\share\vm\prims\jvm.cpp, line 1386]
Event: 0.145 Thread 0x0079c400 Exception <a 'java/security/PrivilegedActionException'> (0x03cc8e80) thrown at [C:\re\workspace\8-2-build-windows-i586-cygwin\jdk8u101\7261\hotspot\src\share\vm\prims\jvm.cpp, line 1386]
Event: 0.148 Thread 0x0079c400 Exception <a 'java/io/FileNotFoundException'> (0x03ccadd0) thrown at [C:\re\workspace\8-2-build-windows-i586-cygwin\jdk8u101\7261\hotspot\src\share\vm\prims\jni.cpp, line 709]
Event: 0.177 Thread 0x0079c400 Exception <a 'java/lang/NoSuchFieldError': method resolution failed> (0x03d859c0) thrown at [C:\re\workspace\8-2-build-windows-i586-cygwin\jdk8u101\7261\hotspot\src\share\vm\prims\methodHandles.cpp, line 1146]
Event: 0.179 Thread 0x0079c400 Exception <a 'java/lang/NoSuchFieldError': method resolution failed> (0x03d91b60) thrown at [C:\re\workspace\8-2-build-windows-i586-cygwin\jdk8u101\7261\hotspot\src\share\vm\prims\methodHandles.cpp, line 1146]
Event: 0.205 Thread 0x0079c400 Exception <a 'java/io/FileNotFoundException'> (0x03e18908) thrown at [C:\re\workspace\8-2-build-windows-i586-cygwin\jdk8u101\7261\hotspot\src\share\vm\prims\jni.cpp, line 709]
Event: 0.261 Thread 0x0079c400 Exception <a 'java/io/FileNotFoundException'> (0x03f17228) thrown at [C:\re\workspace\8-2-build-windows-i586-cygwin\jdk8u101\7261\hotspot\src\share\vm\prims\jni.cpp, line 709]

Events (10 events):
Event: 8.649 loading class com/orsoncharts/Chart3DHints
Event: 8.649 loading class com/orsoncharts/Chart3DHints done
Event: 8.650 loading class com/orsoncharts/Chart3DHints$Key
Event: 8.650 loading class com/orsoncharts/Chart3DHints$Key done
Event: 8.650 loading class org/jfree/chart/ChartHints
Event: 8.650 loading class org/jfree/chart/ChartHints done
Event: 8.650 loading class org/jfree/chart/ChartHints$Key
Event: 8.650 loading class org/jfree/chart/ChartHints$Key done
Event: 8.651 loading class com/orsonpdf/PDFDocument
Event: 8.651 loading class com/orsonpdf/PDFDocument done


Dynamic libraries:
0x00fb0000 - 0x00fe3000 	C:\Program Files\Java\jdk1.8.0_101\bin\java.exe
0x773d0000 - 0x7750c000 	C:\Windows\SYSTEM32\ntdll.dll
0x772f0000 - 0x773c4000 	C:\Windows\system32\kernel32.dll
0x75680000 - 0x756ca000 	C:\Windows\system32\KERNELBASE.dll
0x76c30000 - 0x76cd0000 	C:\Windows\system32\ADVAPI32.dll
0x76fa0000 - 0x7704c000 	C:\Windows\system32\msvcrt.dll
0x76710000 - 0x76729000 	C:\Windows\SYSTEM32\sechost.dll
0x76ab0000 - 0x76b51000 	C:\Windows\system32\RPCRT4.dll
0x76990000 - 0x76a59000 	C:\Windows\system32\USER32.dll
0x77540000 - 0x7758e000 	C:\Windows\system32\GDI32.dll
0x772e0000 - 0x772ea000 	C:\Windows\system32\LPK.dll
0x76b90000 - 0x76c2d000 	C:\Windows\system32\USP10.dll
0x743c0000 - 0x7455e000 	C:\Windows\WinSxS\x86_microsoft.windows.common-controls_6595b64144ccf1df_6.0.7600.16385_none_421189da2b7fabfc\COMCTL32.dll
0x77050000 - 0x770a7000 	C:\Windows\system32\SHLWAPI.dll
0x77510000 - 0x7752f000 	C:\Windows\system32\IMM32.DLL
0x76ed0000 - 0x76f9c000 	C:\Windows\system32\MSCTF.dll
0x68610000 - 0x686cf000 	C:\Program Files\Java\jdk1.8.0_101\jre\bin\msvcr100.dll
0x67f00000 - 0x682cc000 	C:\Program Files\Java\jdk1.8.0_101\jre\bin\client\jvm.dll
0x6e7c0000 - 0x6e7c7000 	C:\Windows\system32\WSOCK32.dll
0x75a80000 - 0x75ab5000 	C:\Windows\system32\WS2_32.dll
0x77530000 - 0x77536000 	C:\Windows\system32\NSI.dll
0x74940000 - 0x74972000 	C:\Windows\system32\WINMM.dll
0x74a20000 - 0x74a29000 	C:\Windows\system32\VERSION.dll
0x75a70000 - 0x75a75000 	C:\Windows\system32\PSAPI.DLL
0x68e90000 - 0x68e9c000 	C:\Program Files\Java\jdk1.8.0_101\jre\bin\verify.dll
0x68e60000 - 0x68e81000 	C:\Program Files\Java\jdk1.8.0_101\jre\bin\java.dll
0x684d0000 - 0x684e3000 	C:\Program Files\Java\jdk1.8.0_101\jre\bin\zip.dll
0x75ac0000 - 0x76709000 	C:\Windows\system32\SHELL32.dll
0x76830000 - 0x7698c000 	C:\Windows\system32\ole32.dll
0x75520000 - 0x7552b000 	C:\Windows\system32\profapi.dll
0x672a0000 - 0x673e5000 	C:\Program Files\Java\jdk1.8.0_101\jre\bin\awt.dll
0x770b0000 - 0x7713f000 	C:\Windows\system32\OLEAUT32.dll
0x74030000 - 0x74043000 	C:\Windows\system32\DWMAPI.DLL
0x74980000 - 0x749c0000 	C:\Windows\system32\uxtheme.dll
0x75470000 - 0x7547c000 	C:\Windows\system32\CRYPTBASE.dll
0x67480000 - 0x67496000 	C:\Program Files\Java\jdk1.8.0_101\jre\bin\net.dll
0x74f60000 - 0x74f9c000 	C:\Windows\system32\mswsock.dll
0x74f50000 - 0x74f56000 	C:\Windows\System32\wship6.dll
0x74ab0000 - 0x74ab5000 	C:\Windows\System32\wshtcpip.dll
0x74e20000 - 0x74e64000 	C:\Windows\system32\DNSAPI.dll
0x73740000 - 0x7375c000 	C:\Windows\system32\IPHLPAPI.DLL
0x73730000 - 0x73737000 	C:\Windows\system32\WINNSI.DLL
0x6da70000 - 0x6da76000 	C:\Windows\system32\rasadhlp.dll
0x73600000 - 0x73638000 	C:\Windows\System32\fwpuclnt.dll
0x674f0000 - 0x67529000 	C:\Program Files\Java\jdk1.8.0_101\jre\bin\fontmanager.dll
0x6a940000 - 0x6a94f000 	C:\Program Files\Java\jdk1.8.0_101\jre\bin\nio.dll
0x674b0000 - 0x674e2000 	C:\Program Files\Java\jdk1.8.0_101\jre\bin\t2k.dll
0x75960000 - 0x759e3000 	C:\Windows\system32\CLBCatQ.DLL
0x74740000 - 0x7483b000 	C:\Windows\system32\WindowsCodecs.dll
0x75420000 - 0x7546b000 	C:\Windows\system32\apphelp.dll
0x74600000 - 0x74631000 	C:\Windows\system32\EhStorShell.dll
0x77140000 - 0x772dd000 	C:\Windows\system32\SETUPAPI.dll
0x757f0000 - 0x75817000 	C:\Windows\system32\CFGMGR32.dll
0x75630000 - 0x75642000 	C:\Windows\system32\DEVOBJ.dll
0x74250000 - 0x74345000 	C:\Windows\system32\PROPSYS.dll
0x726d0000 - 0x728ef000 	C:\Program Files\Microsoft Office\Office12\GrooveShellExtensions.dll
0x74150000 - 0x74243000 	C:\Program Files\Microsoft Office\Office12\GrooveUtil.DLL
0x76730000 - 0x76824000 	C:\Windows\system32\WININET.dll
0x775f0000 - 0x775f3000 	C:\Windows\system32\Normaliz.dll
0x75820000 - 0x75955000 	C:\Windows\system32\urlmon.dll
0x756d0000 - 0x757ec000 	C:\Windows\system32\CRYPT32.dll
0x75590000 - 0x7559c000 	C:\Windows\system32\MSASN1.dll
0x76cd0000 - 0x76ec9000 	C:\Windows\system32\iertutil.dll
0x713b0000 - 0x7144b000 	C:\Windows\WinSxS\x86_microsoft.vc80.crt_1fc8b3b9a1e18e3b_8.0.50727.4927_none_d08a205e442db5b5\MSVCR80.dll
0x745d0000 - 0x745d7000 	C:\Program Files\Microsoft Office\Office12\GrooveNew.DLL
0x745b0000 - 0x745cb000 	C:\Windows\WinSxS\x86_microsoft.vc80.atl_1fc8b3b9a1e18e3b_8.0.50727.762_none_11ecb0ab9b2caf3c\ATL80.DLL
0x74fa0000 - 0x74fb6000 	C:\Windows\system32\CRYPTSP.dll
0x74d40000 - 0x74d7b000 	C:\Windows\system32\rsaenh.dll
0x6dd90000 - 0x6dd95000 	C:\Windows\system32\MSImg32.dll
0x73f40000 - 0x73faa000 	C:\Windows\System32\cscui.dll
0x745f0000 - 0x745f9000 	C:\Windows\System32\CSCDLL.dll
0x6b670000 - 0x6b67b000 	C:\Windows\system32\CSCAPI.dll
0x73ed0000 - 0x73f3f000 	C:\Windows\system32\ntshrui.dll
0x75240000 - 0x75259000 	C:\Windows\system32\srvcli.dll
0x73b10000 - 0x73b1a000 	C:\Windows\system32\slc.dll
0x65d80000 - 0x65da6000 	C:\Program Files\Java\jdk1.8.0_101\jre\bin\jpeg.dll
0x69330000 - 0x69354000 	C:\Program Files\Java\jdk1.8.0_101\jre\bin\dcpr.dll
0x6b490000 - 0x6b57b000 	C:\Windows\system32\dbghelp.dll

VM Arguments:
jvm_args: -Dfile.encoding=UTF-8 
java_command: staff_leave.Staff_leave
java_class_path (initial): C:\Users\The Empire\Downloads\mysql-connector-java-5.1.43\mysql-connector-java-5.1.43-bin.jar;E:\ONLY JAVA\Installation Files\rs2xml.jar;E:\ONLY JAVA\Installation Files\jfreechart-1.0.19\lib\hamcrest-core-1.3.jar;E:\ONLY JAVA\Installation Files\jfreechart-1.0.19\lib\jcommon-1.0.23.jar;E:\ONLY JAVA\Installation Files\jfreechart-1.0.19\lib\jfreechart-1.0.19-experimental.jar;E:\ONLY JAVA\Installation Files\jfreechart-1.0.19\lib\jfreechart-1.0.19-swt.jar;E:\ONLY JAVA\Installation Files\jfreechart-1.0.19\lib\jfreechart-1.0.19.jar;E:\ONLY JAVA\Installation Files\jfreechart-1.0.19\lib\jfreesvg-2.0.jar;E:\ONLY JAVA\Installation Files\jfreechart-1.0.19\lib\junit-4.11.jar;E:\ONLY JAVA\Installation Files\jfreechart-1.0.19\lib\orsoncharts-1.4-eval-nofx.jar;E:\ONLY JAVA\Installation Files\jfreechart-1.0.19\lib\orsonpdf-1.6-eval.jar;E:\ONLY JAVA\Installation Files\jfreechart-1.0.19\lib\servlet.jar;E:\ONLY JAVA\Installation Files\jfreechart-1.0.19\lib\swtgraphics2d.jar;E:\ONLY JAVA\Installation Files\JTattoo-1.6.11.jar;C:\Users\The Empire\Documents\NetBeansProjects\Staff_leave\build\classes
Launcher Type: SUN_STANDARD

Environment Variables:
PATH=C:\ProgramData\Oracle\Java\javapath;C:\Program Files\EasyPHP-DevServer-14.1VC11\binaries\php\php_runningversion;C:\Windows\system32;C:\Windows;C:\Windows\System32\Wbem;C:\Windows\System32\WindowsPowerShell\v1.0\;C:\Windows\IsmFiles;C:\Program Files\Intel\WiFi\bin\;C:\Program Files\Common Files\Intel\WirelessCommon\;C:\Program Files\jEdit;C:\Program Files\MySQL\MySQL Server 5.0\bin;C:\Program Files\Intel\WiFi\bin\;C:\Program Files\Common Files\Intel\WirelessCommon\;C:\Users\The Empire\AppData\Roaming\Dashlane\4.6.6.23032\bin\Firefox_Extension\{442718d9-475e-452a-b3e1-fb1ee16b8e9f}\components;C:\Program Files\Microsoft VS Code\bin
USERNAME=The Empire
OS=Windows_NT
PROCESSOR_IDENTIFIER=x86 Family 6 Model 23 Stepping 10, GenuineIntel



---------------  S Y S T E M  ---------------

OS: Windows 7 Build 7600 (6.1.7600.16385)

CPU:total 2 (2 cores per cpu, 1 threads per core) family 6 model 23 stepping 10, cmov, cx8, fxsr, mmx, sse, sse2, sse3, ssse3, tsc

Memory: 4k page, physical 2061432k(1162072k free), swap 4122864k(1253124k free)

vm_info: Java HotSpot(TM) Client VM (25.101-b13) for windows-x86 JRE (1.8.0_101-b13), built on Jun 22 2016 00:45:44 by "java_re" with MS VC++ 10.0 (VS2010)

time: Tue Jan 01 03:46:31 2002
elapsed time: 8 seconds (0d 0h 0m 8s)

