#
# A fatal error has been detected by the Java Runtime Environment:
#
#  EXCEPTION_ACCESS_VIOLATION (0xc0000005) at pc=0x6817558f, pid=4648, tid=0x0000124c
#
# JRE version: Java(TM) SE Runtime Environment (8.0_101-b13) (build 1.8.0_101-b13)
# Java VM: Java HotSpot(TM) Client VM (25.101-b13 mixed mode, sharing windows-x86 )
# Problematic frame:
# V  [jvm.dll+0x9558f]
#
# Failed to write core dump. Minidumps are not enabled by default on client versions of Windows
#
# If you would like to submit a bug report, please visit:
#   http://bugreport.java.com/bugreport/crash.jsp
#

---------------  T H R E A D  ---------------

Current thread (0x016b3800):  VMThread [stack: 0x146a0000,0x146f0000] [id=4684]

siginfo: ExceptionCode=0xc0000005, reading address 0x00000d2c

Registers:
EAX=0x00080000, EBX=0x1481bf88, ECX=0x00000d28, EDX=0x095deedc
ESP=0x146ef0b0, EBP=0x146ef0c0, ESI=0x01696268, EDI=0x00080000
EIP=0x6817558f, EFLAGS=0x00010293

Top of Stack: (sp=0x146ef0b0)
0x146ef0b0:   146ef1e4 095deec4 1481bf88 01696268
0x146ef0c0:   146ef0e0 6819afcc 00080000 095e81f8
0x146ef0d0:   095dee88 146ef1e4 1481bd30 1481bf90
0x146ef0e0:   146ef100 6818518f 095dee88 095deedc
0x146ef0f0:   01696f08 146ef1e4 016937f0 01692b68
0x146ef100:   146ef114 6817a531 146ef1e4 01693844
0x146ef110:   00000001 146ef12c 68178207 146ef1e4
0x146ef120:   016937f0 146ef224 00000000 146ef348 

Instructions: (pc=0x6817558f)
0x6817556f:   ff c6 83 a0 01 00 00 00 5e 5b 5d c2 04 00 cc cc
0x6817557f:   cc 55 8b ec 51 53 56 57 8b 7d 08 8b f1 8b 4f 04
0x6817558f:   8b 41 04 89 75 fc 85 c0 7e 09 a8 01 75 30 c1 f8
0x6817559f:   02 eb 33 79 29 8b 5f 08 8b 15 2c 8c 44 68 8b c8 


Register to memory mapping:

EAX=0x00080000 is an unknown value
EBX=0x1481bf88 is pointing into metadata
ECX=0x00000d28 is an unknown value
EDX=0x095deedc is pointing into object: 0x095dee88
java.lang.reflect.Method 
 - klass: 'java/lang/reflect/Method'
ESP=0x146ef0b0 is an unknown value
EBP=0x146ef0c0 is an unknown value
ESI=0x01696268 is an unknown value
EDI=0x00080000 is an unknown value


Stack: [0x146a0000,0x146f0000],  sp=0x146ef0b0,  free space=316k
Native frames: (J=compiled Java code, j=interpreted, Vv=VM code, C=native code)
V  [jvm.dll+0x9558f]
V  [jvm.dll+0xbafcc]
V  [jvm.dll+0xa518f]
V  [jvm.dll+0x9a531]
V  [jvm.dll+0x98207]
V  [jvm.dll+0x941d7]
V  [jvm.dll+0x98e73]
V  [jvm.dll+0x92e25]
V  [jvm.dll+0x1b81c6]
V  [jvm.dll+0x18292b]
V  [jvm.dll+0x181d31]
V  [jvm.dll+0x182147]
V  [jvm.dll+0x182342]
V  [jvm.dll+0x1c1ed6]
C  [msvcr100.dll+0x5c556]
C  [msvcr100.dll+0x5c600]
C  [kernel32.dll+0x51174]
C  [ntdll.dll+0x5b3f5]
C  [ntdll.dll+0x5b3c8]

VM_Operation (0x0126ed44): GenCollectForAllocation, mode: safepoint, requested by thread 0x15221800


---------------  P R O C E S S  ---------------

Java Threads: ( => current thread )
  0x15852400 JavaThread "TimerQueue" daemon [_thread_blocked, id=4752, stack(0x16a40000,0x16a90000)]
  0x0016c400 JavaThread "DestroyJavaVM" [_thread_blocked, id=4680, stack(0x018d0000,0x01920000)]
  0x15748c00 JavaThread "AWT-EventQueue-0" [_thread_blocked, id=4740, stack(0x15e60000,0x15eb0000)]
  0x1569cc00 JavaThread "AWT-Windows" daemon [_thread_in_native, id=4736, stack(0x14ea0000,0x14ef0000)]
  0x156bc800 JavaThread "AWT-Shutdown" [_thread_blocked, id=4732, stack(0x15360000,0x153b0000)]
  0x156bc000 JavaThread "Java2D Disposer" daemon [_thread_blocked, id=4728, stack(0x15b70000,0x15bc0000)]
  0x15221800 JavaThread "Abandoned connection cleanup thread" daemon [_thread_blocked, id=4720, stack(0x01220000,0x01270000)]
  0x01740400 JavaThread "Service Thread" daemon [_thread_blocked, id=4712, stack(0x150b0000,0x15100000)]
  0x01723400 JavaThread "C1 CompilerThread0" daemon [_thread_blocked, id=4708, stack(0x15050000,0x150a0000)]
  0x01721000 JavaThread "Attach Listener" daemon [_thread_blocked, id=4704, stack(0x14fb0000,0x15000000)]
  0x01715800 JavaThread "Signal Dispatcher" daemon [_thread_blocked, id=4700, stack(0x14f10000,0x14f60000)]
  0x01710800 JavaThread "Finalizer" daemon [_thread_blocked, id=4692, stack(0x14e50000,0x14ea0000)]
  0x016b7c00 JavaThread "Reference Handler" daemon [_thread_blocked, id=4688, stack(0x14740000,0x14790000)]

Other Threads:
=>0x016b3800 VMThread [stack: 0x146a0000,0x146f0000] [id=4684]
  0x01756000 WatcherThread [stack: 0x147a0000,0x147f0000] [id=4716]

VM state:at safepoint (normal execution)

VM Mutex/Monitor currently owned by a thread:  ([mutex/lock_event])
[0x0016a7c8] Threads_lock - owner thread: 0x016b3800
[0x0016abd8] Heap_lock - owner thread: 0x15221800

Heap:
 def new generation   total 4928K, used 4928K [0x03c00000, 0x04150000, 0x09150000)
  eden space 4416K, 100% used [0x03c00000, 0x04050000, 0x04050000)
  from space 512K, 100% used [0x040d0000, 0x04150000, 0x04150000)
  to   space 512K,   8% used [0x04050000, 0x0405a578, 0x040d0000)
 tenured generation   total 10944K, used 4704K [0x09150000, 0x09c00000, 0x13c00000)
   the space 10944K,  42% used [0x09150000, 0x095e81f8, 0x095e8200, 0x09c00000)
 Metaspace       used 2455K, capacity 3629K, committed 3648K, reserved 4480K

Card table byte_map: [0x01580000,0x01610000] byte_map_base: 0x01562000

Polling page: 0x00140000

CodeCache: size=32768Kb used=1195Kb max_used=1195Kb free=31572Kb
 bounds [0x01bf0000, 0x01d20000, 0x03bf0000]
 total_blobs=653 nmethods=404 adapters=181
 compilation: enabled

Compilation events (10 events):
Event: 2103.577 Thread 0x01723400  404  s          sun.misc.URLClassPath::getLookupCache (98 bytes)
Event: 2103.605 Thread 0x01723400 nmethod 404 0x01d1a488 code [0x01d1a5b0, 0x01d1a8a8]
Event: 2303.911 Thread 0x01723400  405             java.net.URL::getPath (5 bytes)
Event: 2303.949 Thread 0x01723400 nmethod 405 0x01d1a9c8 code [0x01d1aac0, 0x01d1ab40]
Event: 2313.942 Thread 0x01723400  406             java.net.URL::getAuthority (5 bytes)
Event: 2313.942 Thread 0x01723400 nmethod 406 0x01d1ab88 code [0x01d1ac80, 0x01d1ad00]
Event: 3649.442 Thread 0x01723400  407             java.net.URL::getRef (5 bytes)
Event: 3649.442 Thread 0x01723400 nmethod 407 0x01d1ad48 code [0x01d1ae40, 0x01d1aec0]
Event: 3694.526 Thread 0x01723400  408             java.net.URL::getFile (5 bytes)
Event: 3694.526 Thread 0x01723400 nmethod 408 0x01d1af08 code [0x01d1b000, 0x01d1b080]

GC Heap History (7 events):
Event: 0.273 GC heap before
{Heap before GC invocations=0 (full 0):
 def new generation   total 4928K, used 4378K [0x03c00000, 0x04150000, 0x09150000)
  eden space 4416K,  99% used [0x03c00000, 0x040469f0, 0x04050000)
  from space 512K,   0% used [0x04050000, 0x04050000, 0x040d0000)
  to   space 512K,   0% used [0x040d0000, 0x040d0000, 0x04150000)
 tenured generation   total 10944K, used 0K [0x09150000, 0x09c00000, 0x13c00000)
   the space 10944K,   0% used [0x09150000, 0x09150000, 0x09150200, 0x09c00000)
 Metaspace       used 989K, capacity 2856K, committed 2880K, reserved 4480K
Event: 0.278 GC heap after
Heap after GC invocations=1 (full 0):
 def new generation   total 4928K, used 512K [0x03c00000, 0x04150000, 0x09150000)
  eden space 4416K,   0% used [0x03c00000, 0x03c00000, 0x04050000)
  from space 512K, 100% used [0x040d0000, 0x04150000, 0x04150000)
  to   space 512K,   0% used [0x04050000, 0x04050000, 0x040d0000)
 tenured generation   total 10944K, used 1348K [0x09150000, 0x09c00000, 0x13c00000)
   the space 10944K,  12% used [0x09150000, 0x092a11b0, 0x092a1200, 0x09c00000)
 Metaspace       used 989K, capacity 2856K, committed 2880K, reserved 4480K
}
Event: 0.516 GC heap before
{Heap before GC invocations=1 (full 0):
 def new generation   total 4928K, used 4928K [0x03c00000, 0x04150000, 0x09150000)
  eden space 4416K, 100% used [0x03c00000, 0x04050000, 0x04050000)
  from space 512K, 100% used [0x040d0000, 0x04150000, 0x04150000)
  to   space 512K,   0% used [0x04050000, 0x04050000, 0x040d0000)
 tenured generation   total 10944K, used 1348K [0x09150000, 0x09c00000, 0x13c00000)
   the space 10944K,  12% used [0x09150000, 0x092a11b0, 0x092a1200, 0x09c00000)
 Metaspace       used 1757K, capacity 3597K, committed 3648K, reserved 4480K
Event: 0.524 GC heap after
Heap after GC invocations=2 (full 0):
 def new generation   total 4928K, used 512K [0x03c00000, 0x04150000, 0x09150000)
  eden space 4416K,   0% used [0x03c00000, 0x03c00000, 0x04050000)
  from space 512K, 100% used [0x04050000, 0x040d0000, 0x040d0000)
  to   space 512K,   0% used [0x040d0000, 0x040d0000, 0x04150000)
 tenured generation   total 10944K, used 2897K [0x09150000, 0x09c00000, 0x13c00000)
   the space 10944K,  26% used [0x09150000, 0x094247f8, 0x09424800, 0x09c00000)
 Metaspace       used 1757K, capacity 3597K, committed 3648K, reserved 4480K
}
Event: 0.752 GC heap before
{Heap before GC invocations=2 (full 0):
 def new generation   total 4928K, used 3457K [0x03c00000, 0x04150000, 0x09150000)
  eden space 4416K,  66% used [0x03c00000, 0x03ee05d8, 0x04050000)
  from space 512K, 100% used [0x04050000, 0x040d0000, 0x040d0000)
  to   space 512K,   0% used [0x040d0000, 0x040d0000, 0x04150000)
 tenured generation   total 10944K, used 2897K [0x09150000, 0x09c00000, 0x13c00000)
   the space 10944K,  26% used [0x09150000, 0x094247f8, 0x09424800, 0x09c00000)
 Metaspace       used 2382K, capacity 3629K, committed 3648K, reserved 4480K
Event: 0.760 GC heap after
Heap after GC invocations=3 (full 0):
 def new generation   total 4928K, used 512K [0x03c00000, 0x04150000, 0x09150000)
  eden space 4416K,   0% used [0x03c00000, 0x03c00000, 0x04050000)
  from space 512K, 100% used [0x040d0000, 0x04150000, 0x04150000)
  to   space 512K,   0% used [0x04050000, 0x04050000, 0x040d0000)
 tenured generation   total 10944K, used 4195K [0x09150000, 0x09c00000, 0x13c00000)
   the space 10944K,  38% used [0x09150000, 0x09568dc8, 0x09568e00, 0x09c00000)
 Metaspace       used 2382K, capacity 3629K, committed 3648K, reserved 4480K
}
Event: 3714.899 GC heap before
{Heap before GC invocations=3 (full 0):
 def new generation   total 4928K, used 4928K [0x03c00000, 0x04150000, 0x09150000)
  eden space 4416K, 100% used [0x03c00000, 0x04050000, 0x04050000)
  from space 512K, 100% used [0x040d0000, 0x04150000, 0x04150000)
  to   space 512K,   0% used [0x04050000, 0x04050000, 0x040d0000)
 tenured generation   total 10944K, used 4195K [0x09150000, 0x09c00000, 0x13c00000)
   the space 10944K,  38% used [0x09150000, 0x09568dc8, 0x09568e00, 0x09c00000)
 Metaspace       used 2455K, capacity 3629K, committed 3648K, reserved 4480K

Deoptimization events (0 events):
No events

Internal exceptions (10 events):
Event: 0.028 Thread 0x0016c400 Exception <a 'java/lang/NoSuchMethodError': Method sun.misc.Unsafe.defineClass(Ljava/lang/String;[BII)Ljava/lang/Class; name or signature does not match> (0x03c079c8) thrown at [C:\re\workspace\8-2-build-windows-i586-cygwin\jdk8u101\7261\hotspot\src\share\}j9×Ùœ?
Event: 0.028 Thread 0x0016c400 Exception <a 'java/lang/NoSuchMethodError': Method sun.misc.Unsafe.prefetchRead(Ljava/lang/Object;J)V name or signature does not match> (0x03c07c98) thrown at [C:\re\workspace\8-2-build-windows-i586-cygwin\jdk8u101\7261\hotspot\src\share\vm\prims\jni.cpp, Æ½‘‘Æ?
Event: 0.172 Thread 0x0016c400 Exception <a 'java/security/PrivilegedActionException'> (0x03cfbf60) thrown at [C:\re\workspace\8-2-build-windows-i586-cygwin\jdk8u101\7261\hotspot\src\share\vm\prims\jvm.cpp, line 1386]
Event: 0.172 Thread 0x0016c400 Exception <a 'java/security/PrivilegedActionException'> (0x03cfc160) thrown at [C:\re\workspace\8-2-build-windows-i586-cygwin\jdk8u101\7261\hotspot\src\share\vm\prims\jvm.cpp, line 1386]
Event: 0.172 Thread 0x0016c400 Exception <a 'java/security/PrivilegedActionException'> (0x03cffde8) thrown at [C:\re\workspace\8-2-build-windows-i586-cygwin\jdk8u101\7261\hotspot\src\share\vm\prims\jvm.cpp, line 1386]
Event: 0.172 Thread 0x0016c400 Exception <a 'java/security/PrivilegedActionException'> (0x03cfffe8) thrown at [C:\re\workspace\8-2-build-windows-i586-cygwin\jdk8u101\7261\hotspot\src\share\vm\prims\jvm.cpp, line 1386]
Event: 0.455 Thread 0x0016c400 Exception <a 'java/io/FileNotFoundException'> (0x03eb2518) thrown at [C:\re\workspace\8-2-build-windows-i586-cygwin\jdk8u101\7261\hotspot\src\share\vm\prims\jni.cpp, line 709]
Event: 0.479 Thread 0x0016c400 Exception <a 'java/lang/NoSuchFieldError': method resolution failed> (0x03f6b6a8) thrown at [C:\re\workspace\8-2-build-windows-i586-cygwin\jdk8u101\7261\hotspot\src\share\vm\prims\methodHandles.cpp, line 1146]
Event: 0.480 Thread 0x0016c400 Exception <a 'java/lang/NoSuchFieldError': method resolution failed> (0x03f777f0) thrown at [C:\re\workspace\8-2-build-windows-i586-cygwin\jdk8u101\7261\hotspot\src\share\vm\prims\methodHandles.cpp, line 1146]
Event: 0.500 Thread 0x0016c400 Exception <a 'java/io/FileNotFoundException'> (0x03ffba90) thrown at [C:\re\workspace\8-2-build-windows-i586-cygwin\jdk8u101\7261\hotspot\src\share\vm\prims\jni.cpp, line 709]

Events (10 events):
Event: 3.810 Thread 0x01723400 flushing nmethod 0x01cbd488
Event: 4.129 Executing VM operation: EnableBiasedLocking
Event: 4.129 Executing VM operation: EnableBiasedLocking done
Event: 4.281 Thread 0x01723400 flushing nmethod 0x01ceee48
Event: 5.681 loading class java/awt/KeyboardFocusManager$2
Event: 5.681 loading class java/awt/KeyboardFocusManager$2 done
Event: 5.681 loading class sun/awt/SunToolkit$1
Event: 5.681 loading class sun/awt/SunToolkit$1 done
Event: 5.695 Thread 0x1574d800 Thread exited: 0x1574d800
Event: 3714.580 Executing VM operation: GenCollectForAllocation


Dynamic libraries:
0x001e0000 - 0x00213000 	C:\Program Files\Java\jdk1.8.0_101\jre\bin\java.exe
0x77310000 - 0x7744c000 	C:\Windows\SYSTEM32\ntdll.dll
0x75af0000 - 0x75bc4000 	C:\Windows\system32\kernel32.dll
0x75710000 - 0x7575a000 	C:\Windows\system32\KERNELBASE.dll
0x76f40000 - 0x76fe0000 	C:\Windows\system32\ADVAPI32.dll
0x75fe0000 - 0x7608c000 	C:\Windows\system32\msvcrt.dll
0x759e0000 - 0x759f9000 	C:\Windows\SYSTEM32\sechost.dll
0x76fe0000 - 0x77081000 	C:\Windows\system32\RPCRT4.dll
0x75d10000 - 0x75dd9000 	C:\Windows\system32\USER32.dll
0x76ee0000 - 0x76f2e000 	C:\Windows\system32\GDI32.dll
0x77530000 - 0x7753a000 	C:\Windows\system32\LPK.dll
0x75e40000 - 0x75edd000 	C:\Windows\system32\USP10.dll
0x742d0000 - 0x7446e000 	C:\Windows\WinSxS\x86_microsoft.windows.common-controls_6595b64144ccf1df_6.0.7600.16385_none_421189da2b7fabfc\COMCTL32.dll
0x75a00000 - 0x75a57000 	C:\Windows\system32\SHLWAPI.dll
0x77450000 - 0x7746f000 	C:\Windows\system32\IMM32.DLL
0x75910000 - 0x759dc000 	C:\Windows\system32\MSCTF.dll
0x68a90000 - 0x68b4f000 	C:\Program Files\Java\jdk1.8.0_101\jre\bin\msvcr100.dll
0x680e0000 - 0x684ac000 	C:\Program Files\Java\jdk1.8.0_101\jre\bin\client\jvm.dll
0x74920000 - 0x74927000 	C:\Windows\system32\WSOCK32.dll
0x758c0000 - 0x758f5000 	C:\Windows\system32\WS2_32.dll
0x76f30000 - 0x76f36000 	C:\Windows\system32\NSI.dll
0x73390000 - 0x733c2000 	C:\Windows\system32\WINMM.dll
0x74960000 - 0x74969000 	C:\Windows\system32\VERSION.dll
0x75900000 - 0x75905000 	C:\Windows\system32\PSAPI.DLL
0x6dff0000 - 0x6dffc000 	C:\Program Files\Java\jdk1.8.0_101\jre\bin\verify.dll
0x69e60000 - 0x69e81000 	C:\Program Files\Java\jdk1.8.0_101\jre\bin\java.dll
0x6de20000 - 0x6de33000 	C:\Program Files\Java\jdk1.8.0_101\jre\bin\zip.dll
0x760f0000 - 0x76d39000 	C:\Windows\system32\SHELL32.dll
0x75760000 - 0x758bc000 	C:\Windows\system32\ole32.dll
0x75460000 - 0x7546b000 	C:\Windows\system32\profapi.dll
0x6dba0000 - 0x6dbb6000 	C:\Program Files\Java\jdk1.8.0_101\jre\bin\net.dll
0x74ea0000 - 0x74edc000 	C:\Windows\system32\mswsock.dll
0x74e90000 - 0x74e96000 	C:\Windows\System32\wship6.dll
0x749f0000 - 0x749f5000 	C:\Windows\System32\wshtcpip.dll
0x74d60000 - 0x74da4000 	C:\Windows\system32\DNSAPI.dll
0x73be0000 - 0x73bfc000 	C:\Windows\system32\IPHLPAPI.DLL
0x73bd0000 - 0x73bd7000 	C:\Windows\system32\WINNSI.DLL
0x71770000 - 0x71776000 	C:\Windows\system32\rasadhlp.dll
0x73520000 - 0x73558000 	C:\Windows\System32\fwpuclnt.dll
0x68730000 - 0x68875000 	C:\Program Files\Java\jdk1.8.0_101\jre\bin\awt.dll
0x77470000 - 0x774ff000 	C:\Windows\system32\OLEAUT32.dll
0x74560000 - 0x74573000 	C:\Windows\system32\DWMAPI.DLL
0x74600000 - 0x74640000 	C:\Windows\system32\uxtheme.dll
0x753b0000 - 0x753bc000 	C:\Windows\system32\CRYPTBASE.dll
0x68a50000 - 0x68a89000 	C:\Program Files\Java\jdk1.8.0_101\jre\bin\fontmanager.dll
0x6d980000 - 0x6d98f000 	C:\Program Files\Java\jdk1.8.0_101\jre\bin\nio.dll
0x68a10000 - 0x68a42000 	C:\Program Files\Java\jdk1.8.0_101\jre\bin\t2k.dll
0x75a60000 - 0x75ae3000 	C:\Windows\system32\CLBCatQ.DLL
0x73df0000 - 0x73eeb000 	C:\Windows\system32\WindowsCodecs.dll
0x75360000 - 0x753ab000 	C:\Windows\system32\apphelp.dll
0x745c0000 - 0x745f1000 	C:\Windows\system32\EhStorShell.dll
0x76d40000 - 0x76edd000 	C:\Windows\system32\SETUPAPI.dll
0x75690000 - 0x756b7000 	C:\Windows\system32\CFGMGR32.dll
0x756c0000 - 0x756d2000 	C:\Windows\system32\DEVOBJ.dll
0x74190000 - 0x74285000 	C:\Windows\system32\PROPSYS.dll
0x73000000 - 0x7321f000 	C:\Program Files\Microsoft Office\Office12\GrooveShellExtensions.dll
0x74750000 - 0x74843000 	C:\Program Files\Microsoft Office\Office12\GrooveUtil.DLL
0x75ee0000 - 0x75fd4000 	C:\Windows\system32\WININET.dll
0x76090000 - 0x76093000 	C:\Windows\system32\Normaliz.dll
0x75bd0000 - 0x75d05000 	C:\Windows\system32\urlmon.dll
0x75570000 - 0x7568c000 	C:\Windows\system32\CRYPT32.dll
0x754d0000 - 0x754dc000 	C:\Windows\system32\MSASN1.dll
0x77090000 - 0x77289000 	C:\Windows\system32\iertutil.dll
0x710b0000 - 0x7114b000 	C:\Windows\WinSxS\x86_microsoft.vc80.crt_1fc8b3b9a1e18e3b_8.0.50727.4927_none_d08a205e442db5b5\MSVCR80.dll
0x74740000 - 0x74747000 	C:\Program Files\Microsoft Office\Office12\GrooveNew.DLL
0x74720000 - 0x7473b000 	C:\Windows\WinSxS\x86_microsoft.vc80.atl_1fc8b3b9a1e18e3b_8.0.50727.762_none_11ecb0ab9b2caf3c\ATL80.DLL
0x74ee0000 - 0x74ef6000 	C:\Windows\system32\CRYPTSP.dll
0x74c80000 - 0x74cbb000 	C:\Windows\system32\rsaenh.dll
0x6dad0000 - 0x6dad5000 	C:\Windows\system32\MSImg32.dll
0x73f70000 - 0x73fda000 	C:\Windows\System32\cscui.dll
0x748a0000 - 0x748a9000 	C:\Windows\System32\CSCDLL.dll
0x6ad60000 - 0x6ad6b000 	C:\Windows\system32\CSCAPI.dll
0x73d20000 - 0x73d8f000 	C:\Windows\system32\ntshrui.dll
0x75180000 - 0x75199000 	C:\Windows\system32\srvcli.dll
0x73810000 - 0x7381a000 	C:\Windows\system32\slc.dll
0x6a910000 - 0x6a9fb000 	C:\Windows\system32\dbghelp.dll

VM Arguments:
jvm_args: -Dfile.encoding=UTF-8 
java_command: staff_leave.Rframe
java_class_path (initial): E:\mysql-connector-java-5.1.43\mysql-connector-java-5.1.43-bin.jar;E:\ONLY JAVA\Installation Files\jfreechart-1.0.19\lib\hamcrest-core-1.3.jar;E:\ONLY JAVA\Installation Files\jfreechart-1.0.19\lib\jcommon-1.0.23.jar;E:\ONLY JAVA\Installation Files\jfreechart-1.0.19\lib\jfreechart-1.0.19-experimental.jar;E:\ONLY JAVA\Installation Files\jfreechart-1.0.19\lib\jfreechart-1.0.19-swt.jar;E:\ONLY JAVA\Installation Files\jfreechart-1.0.19\lib\jfreechart-1.0.19.jar;E:\ONLY JAVA\Installation Files\jfreechart-1.0.19\lib\jfreesvg-2.0.jar;E:\ONLY JAVA\Installation Files\jfreechart-1.0.19\lib\junit-4.11.jar;E:\ONLY JAVA\Installation Files\jfreechart-1.0.19\lib\orsoncharts-1.4-eval-nofx.jar;E:\ONLY JAVA\Installation Files\jfreechart-1.0.19\lib\orsonpdf-1.6-eval.jar;E:\ONLY JAVA\Installation Files\jfreechart-1.0.19\lib\servlet.jar;E:\ONLY JAVA\Installation Files\jfreechart-1.0.19\lib\swtgraphics2d.jar;C:\Users\The Empire\Documents\NetBeansProjects\Staff_leave1\build\classes
Launcher Type: SUN_STANDARD

Environment Variables:
PATH=C:\ProgramData\Oracle\Java\javapath;C:\Program Files\EasyPHP-DevServer-14.1VC11\binaries\php\php_runningversion;C:\Windows\system32;C:\Windows;C:\Windows\System32\Wbem;C:\Windows\System32\WindowsPowerShell\v1.0\;C:\Windows\IsmFiles;C:\Program Files\Intel\WiFi\bin\;C:\Program Files\Common Files\Intel\WirelessCommon\;C:\Program Files\jEdit;C:\Program Files\MySQL\MySQL Server 5.0\bin;C:\Program Files\Intel\WiFi\bin\;C:\Program Files\Common Files\Intel\WirelessCommon\;C:\Users\The Empire\AppData\Roaming\Dashlane\4.6.6.23032\bin\Firefox_Extension\{442718d9-475e-452a-b3e1-fb1ee16b8e9f}\components;C:\Program Files\Microsoft VS Code\bin
USERNAME=The Empire
OS=Windows_NT
PROCESSOR_IDENTIFIER=x86 Family 6 Model 23 Stepping 10, GenuineIntel



---------------  S Y S T E M  ---------------

OS: Windows 7 Build 7600 (6.1.7600.16385)

CPU:total 2 (2 cores per cpu, 1 threads per core) family 6 model 23 stepping 10, cmov, cx8, fxsr, mmx, sse, sse2, sse3, ssse3, tsc

Memory: 4k page, physical 2061432k(889896k free), swap 4122864k(658128k free)

vm_info: Java HotSpot(TM) Client VM (25.101-b13) for windows-x86 JRE (1.8.0_101-b13), built on Jun 22 2016 00:45:44 by "java_re" with MS VC++ 10.0 (VS2010)

time: Tue Jan 01 01:32:57 2002
elapsed time: 3716 seconds (0d 1h 1m 56s)

